<?xml version="1.0" encoding="UTF-8"?>
<!-- Generated by org.testng.reporters.JUnitReportReporter -->
<testsuite hostname="IBM-66D82F3" failures="0" tests="1" name="testNG.NewTest" time="0.013" errors="0" timestamp="27 Oct 2023 05:23:02 GMT" skipped="0">
  <testcase classname="testNG.NewTest" name="f" time="0.013"/>
</testsuite> <!-- testNG.NewTest -->
